{
  message: 'Successfully connect to DB',
  level: 'info',
  timestamp: '2023-02-05T11:24:53.584Z'
}
{
  message: 'Нажмите CTRL+C, чтобы остановить сервер',
  level: 'info',
  timestamp: '2023-02-05T11:24:53.599Z'
}
{
  message: 'GET /lessons - получить список уроков',
  level: 'info',
  timestamp: '2023-02-05T11:24:53.601Z'
}
{
  message: 'GET /lessons/${id} - получить урок по его ID',
  level: 'info',
  timestamp: '2023-02-05T11:24:53.603Z'
}
{
  message: 'GET /lessons?theme=${theme} - получить уроки по темам ${theme}',
  level: 'info',
  timestamp: '2023-02-05T11:24:53.604Z'
}
{
  message: 'GET /quiz - получить список тестов',
  level: 'info',
  timestamp: '2023-02-05T11:24:53.606Z'
}
{
  message: 'GET /quiz/${id} - получить тест по его ID',
  level: 'info',
  timestamp: '2023-02-05T11:24:53.609Z'
}
{
  message: 'GET /quiz?difficulty=${difficulty} - получить тесты по сложности ${difficulty}',
  level: 'info',
  timestamp: '2023-02-05T11:24:53.611Z'
}
{
  message: 'GET /users/${id}/tokens - получить токен доступа пользователя',
  level: 'info',
  timestamp: '2023-02-05T11:24:53.613Z'
}
{
  message: 'POST /users - создать(зарегистрировать) пользователя',
  level: 'info',
  timestamp: '2023-02-05T11:24:53.615Z'
}
{
  message: 'POST /signin - залогинить пользователя',
  level: 'info',
  timestamp: '2023-02-05T11:24:53.617Z'
}
{
  message: 'GET users/${userID}/statistics - получить статистику пользователя',
  level: 'info',
  timestamp: '2023-02-05T11:24:53.618Z'
}
{
  message: 'PUT users/${userID}/statistics - отправить статистику пользователя на сервер',
  level: 'info',
  timestamp: '2023-02-05T11:24:53.621Z'
}
{
  message: 'App is running on http://localhost:5000',
  level: 'info',
  timestamp: '2023-02-05T11:24:53.630Z'
}
{
  message: 'POST 403 /signin - size req 47 res 9 - 193.506 ms\n',
  level: 'info',
  timestamp: '2023-02-05T11:48:40.234Z'
}
{
  message: 'POST 200 /signin - size req 46 res 513 - 199.164 ms\n',
  level: 'info',
  timestamp: '2023-02-05T11:49:03.260Z'
}
{
  message: "Error: Cannot find module './../document'\n" +
    'Require stack:\n' +
    '- C:\\Users\\grada\\Desktop\\VS projects\\rsSchool\\rs-clone\\node_modules\\mongoose\\lib\\schema\\objectid.js\n' +
    '- C:\\Users\\grada\\Desktop\\VS projects\\rsSchool\\rs-clone\\node_modules\\mongoose\\lib\\schema\\index.js\n' +
    '- C:\\Users\\grada\\Desktop\\VS projects\\rsSchool\\rs-clone\\node_modules\\mongoose\\lib\\schema.js\n' +
    '- C:\\Users\\grada\\Desktop\\VS projects\\rsSchool\\rs-clone\\node_modules\\mongoose\\lib\\document.js\n' +
    '- C:\\Users\\grada\\Desktop\\VS projects\\rsSchool\\rs-clone\\node_modules\\mongoose\\lib\\index.js\n' +
    '- C:\\Users\\grada\\Desktop\\VS projects\\rsSchool\\rs-clone\\node_modules\\mongoose\\index.js\n' +
    '- C:\\Users\\grada\\Desktop\\VS projects\\rsSchool\\rs-clone\\server.js\n' +
    '    at Function.Module._resolveFilename (node:internal/modules/cjs/loader:933:15)\n' +
    '    at Function.Module._load (node:internal/modules/cjs/loader:778:27)\n' +
    '    at Module.require (node:internal/modules/cjs/loader:1005:19)\n' +
    '    at require (node:internal/modules/cjs/helpers:102:18)\n' +
    '    at model.Query.resetId (C:\\Users\\grada\\Desktop\\VS projects\\rsSchool\\rs-clone\\node_modules\\mongoose\\lib\\schema\\objectid.js:279:27)\n' +
    '    at ObjectId.SchemaType._applySetters (C:\\Users\\grada\\Desktop\\VS projects\\rsSchool\\rs-clone\\node_modules\\mongoose\\lib\\schematype.js:1170:20)\n' +
    '    at ObjectId.SchemaType.applySetters (C:\\Users\\grada\\Desktop\\VS projects\\rsSchool\\rs-clone\\node_modules\\mongoose\\lib\\schematype.js:1195:16)\n' +
    '    at ObjectId.SchemaType._castForQuery (C:\\Users\\grada\\Desktop\\VS projects\\rsSchool\\rs-clone\\node_modules\\mongoose\\lib\\schematype.js:1648:15)\n' +
    '    at ObjectId.SchemaType.castForQuery (C:\\Users\\grada\\Desktop\\VS projects\\rsSchool\\rs-clone\\node_modules\\mongoose\\lib\\schematype.js:1636:15)\n' +
    '    at ObjectId.SchemaType.castForQueryWrapper (C:\\Users\\grada\\Desktop\\VS projects\\rsSchool\\rs-clone\\node_modules\\mongoose\\lib\\schematype.js:1612:20)',
  level: 'error',
  timestamp: '2023-02-05T11:49:03.296Z'
}
{
  message: 'GET 500 /users/63cf1eda5ade0032c8430df6 "63cf1eda5ade0032c8430df6" size req - res 21 - 20.734 ms\n',
  level: 'info',
  timestamp: '2023-02-05T11:49:03.307Z'
}
{
  message: 'POST 200 /signin - size req 46 res 513 - 176.150 ms\n',
  level: 'info',
  timestamp: '2023-02-05T11:51:31.629Z'
}
{
  message: "Error: Cannot find module './../document'\n" +
    'Require stack:\n' +
    '- C:\\Users\\grada\\Desktop\\VS projects\\rsSchool\\rs-clone\\node_modules\\mongoose\\lib\\schema\\objectid.js\n' +
    '- C:\\Users\\grada\\Desktop\\VS projects\\rsSchool\\rs-clone\\node_modules\\mongoose\\lib\\schema\\index.js\n' +
    '- C:\\Users\\grada\\Desktop\\VS projects\\rsSchool\\rs-clone\\node_modules\\mongoose\\lib\\schema.js\n' +
    '- C:\\Users\\grada\\Desktop\\VS projects\\rsSchool\\rs-clone\\node_modules\\mongoose\\lib\\document.js\n' +
    '- C:\\Users\\grada\\Desktop\\VS projects\\rsSchool\\rs-clone\\node_modules\\mongoose\\lib\\index.js\n' +
    '- C:\\Users\\grada\\Desktop\\VS projects\\rsSchool\\rs-clone\\node_modules\\mongoose\\index.js\n' +
    '- C:\\Users\\grada\\Desktop\\VS projects\\rsSchool\\rs-clone\\server.js\n' +
    '    at Function.Module._resolveFilename (node:internal/modules/cjs/loader:933:15)\n' +
    '    at Function.Module._load (node:internal/modules/cjs/loader:778:27)\n' +
    '    at Module.require (node:internal/modules/cjs/loader:1005:19)\n' +
    '    at require (node:internal/modules/cjs/helpers:102:18)\n' +
    '    at model.Query.resetId (C:\\Users\\grada\\Desktop\\VS projects\\rsSchool\\rs-clone\\node_modules\\mongoose\\lib\\schema\\objectid.js:279:27)\n' +
    '    at ObjectId.SchemaType._applySetters (C:\\Users\\grada\\Desktop\\VS projects\\rsSchool\\rs-clone\\node_modules\\mongoose\\lib\\schematype.js:1170:20)\n' +
    '    at ObjectId.SchemaType.applySetters (C:\\Users\\grada\\Desktop\\VS projects\\rsSchool\\rs-clone\\node_modules\\mongoose\\lib\\schematype.js:1195:16)\n' +
    '    at ObjectId.SchemaType._castForQuery (C:\\Users\\grada\\Desktop\\VS projects\\rsSchool\\rs-clone\\node_modules\\mongoose\\lib\\schematype.js:1648:15)\n' +
    '    at ObjectId.SchemaType.castForQuery (C:\\Users\\grada\\Desktop\\VS projects\\rsSchool\\rs-clone\\node_modules\\mongoose\\lib\\schematype.js:1636:15)\n' +
    '    at ObjectId.SchemaType.castForQueryWrapper (C:\\Users\\grada\\Desktop\\VS projects\\rsSchool\\rs-clone\\node_modules\\mongoose\\lib\\schematype.js:1612:20)',
  level: 'error',
  timestamp: '2023-02-05T11:51:31.655Z'
}
{
  message: 'GET 500 /users/63cf1eda5ade0032c8430df6 "63cf1eda5ade0032c8430df6" size req - res 21 - 14.469 ms\n',
  level: 'info',
  timestamp: '2023-02-05T11:51:31.666Z'
}
